<?xml version="1.0" encoding="UTF-8"?>
<!-- Generated by org.testng.reporters.JUnitReportReporter -->
<testsuite hostname="anas-Inspiron-3537" failures="0" tests="3" name="ibtikar.SDP.LoginTest" time="1.143" errors="0" timestamp="2021-02-24T12:08:40 EET" skipped="0">
  <testcase classname="ibtikar.SDP.LoginTest" name="testEmptyLogin" time="0.211"/>
  <system-out/>
  <testcase classname="ibtikar.SDP.LoginTest" name="testLogin" time="0.398"/>
  <system-out/>
  <testcase classname="ibtikar.SDP.LoginTest" name="testLogin" time="0.534"/>
  <system-out/>
</testsuite> <!-- ibtikar.SDP.LoginTest -->
